<?xml version="1.0" encoding="UTF-8" ?>
<testsuite tests="4" failures="0" name="TestStep3" time="0" errors="0" skipped="0">
  <properties>
[...]
</properties>
  <testcase classname="TestStep3" name="should_not_have_blackjack_when_cards_are_ace_and_eight" time="0"/>
  <testcase classname="TestStep3" name="should_be_busted_when_score_goes_above_21" time="0"/>
  <testcase classname="TestStep3" name="should_have_blackjack_when_cards_are_ace_and_ten" time="0"/>
  <testcase classname="TestStep3" name="should_not_have_blackjack_when_cards_are_ace_and_six_and_four" time="0"/>
</testsuite>